2024-11-07 10:53:36,911 [INFO] from play.api.http.EnabledFilters in play-dev-mode-pekko.actor.default-dispatcher-8 - Enabled Filters (see <https://www.playframework.com/documentation/latest/Filters>):

    play.filters.csrf.CSRFFilter
    play.filters.headers.SecurityHeadersFilter
    play.filters.hosts.AllowedHostsFilter

2024-11-07 10:53:36,933 [INFO] from play.api.Play in play-dev-mode-pekko.actor.default-dispatcher-8 - Application started (Dev) (no global state)
2024-11-07 11:04:19,035 [INFO] from play.api.http.HttpErrorHandlerExceptions in play-dev-mode-pekko.actor.default-dispatcher-12 - Registering exception handler: guice-provision-exception-handler
2024-11-07 11:04:19,091 [INFO] from play.api.http.EnabledFilters in play-dev-mode-pekko.actor.default-dispatcher-12 - Enabled Filters (see <https://www.playframework.com/documentation/latest/Filters>):

    play.filters.csrf.CSRFFilter
    play.filters.headers.SecurityHeadersFilter
    play.filters.hosts.AllowedHostsFilter

2024-11-07 11:04:19,096 [INFO] from play.api.Play in play-dev-mode-pekko.actor.default-dispatcher-12 - Application started (Dev) (no global state)
2024-11-07 11:07:21,763 [INFO] from play.api.http.HttpErrorHandlerExceptions in play-dev-mode-pekko.actor.default-dispatcher-12 - Registering exception handler: guice-provision-exception-handler
2024-11-07 11:07:21,840 [INFO] from play.api.http.EnabledFilters in play-dev-mode-pekko.actor.default-dispatcher-12 - Enabled Filters (see <https://www.playframework.com/documentation/latest/Filters>):

    play.filters.csrf.CSRFFilter
    play.filters.headers.SecurityHeadersFilter
    play.filters.hosts.AllowedHostsFilter

2024-11-07 11:07:21,844 [INFO] from play.api.Play in play-dev-mode-pekko.actor.default-dispatcher-12 - Application started (Dev) (no global state)
2024-11-07 11:08:08,617 [INFO] from play.api.http.HttpErrorHandlerExceptions in play-dev-mode-pekko.actor.default-dispatcher-27 - Registering exception handler: guice-provision-exception-handler
2024-11-07 11:08:08,660 [INFO] from play.api.http.EnabledFilters in play-dev-mode-pekko.actor.default-dispatcher-27 - Enabled Filters (see <https://www.playframework.com/documentation/latest/Filters>):

    play.filters.csrf.CSRFFilter
    play.filters.headers.SecurityHeadersFilter
    play.filters.hosts.AllowedHostsFilter

2024-11-07 11:08:08,663 [INFO] from play.api.Play in play-dev-mode-pekko.actor.default-dispatcher-27 - Application started (Dev) (no global state)
2024-11-07 11:09:12,864 [INFO] from play.api.http.HttpErrorHandlerExceptions in play-dev-mode-pekko.actor.default-dispatcher-36 - Registering exception handler: guice-provision-exception-handler
2024-11-07 11:09:12,933 [INFO] from play.api.http.EnabledFilters in play-dev-mode-pekko.actor.default-dispatcher-36 - Enabled Filters (see <https://www.playframework.com/documentation/latest/Filters>):

    play.filters.csrf.CSRFFilter
    play.filters.headers.SecurityHeadersFilter
    play.filters.hosts.AllowedHostsFilter

2024-11-07 11:09:12,936 [INFO] from play.api.Play in play-dev-mode-pekko.actor.default-dispatcher-36 - Application started (Dev) (no global state)
2024-11-07 11:12:00,326 [INFO] from play.api.http.HttpErrorHandlerExceptions in play-dev-mode-pekko.actor.default-dispatcher-13 - Registering exception handler: guice-provision-exception-handler
2024-11-07 11:12:00,359 [INFO] from play.api.http.EnabledFilters in play-dev-mode-pekko.actor.default-dispatcher-13 - Enabled Filters (see <https://www.playframework.com/documentation/latest/Filters>):

    play.filters.csrf.CSRFFilter
    play.filters.headers.SecurityHeadersFilter
    play.filters.hosts.AllowedHostsFilter

2024-11-07 11:12:00,361 [INFO] from play.api.Play in play-dev-mode-pekko.actor.default-dispatcher-13 - Application started (Dev) (no global state)
2024-11-07 11:37:13,858 [INFO] from play.api.http.HttpErrorHandlerExceptions in play-dev-mode-pekko.actor.default-dispatcher-46 - Registering exception handler: guice-provision-exception-handler
2024-11-07 11:37:13,900 [INFO] from play.api.http.EnabledFilters in play-dev-mode-pekko.actor.default-dispatcher-46 - Enabled Filters (see <https://www.playframework.com/documentation/latest/Filters>):

    play.filters.csrf.CSRFFilter
    play.filters.headers.SecurityHeadersFilter
    play.filters.hosts.AllowedHostsFilter

2024-11-07 11:37:13,907 [INFO] from play.api.Play in play-dev-mode-pekko.actor.default-dispatcher-46 - Application started (Dev) (no global state)
